<?xml version="1.0" encoding="UTF-8"?>
<robot generator="Robot 4.1.3 (Python 3.10.1 on win32)" generated="20220127 16:51:32.294" rpa="false" schemaversion="2">
<suite id="s1" name="javascripExecutor" source="C:\Users\user\PycharmProjects\NewAutomation\practiceTCs\javascripExecutor.robot">
<test id="s1-t1" name="javascriptExecutor">
<kw name="scrollintoendofpage">
<kw name="browser">
<kw name="Open Browser" library="SeleniumLibrary">
<arg>${url}</arg>
<arg>${Browser}</arg>
<doc>Opens a new browser instance to the optional ``url``.</doc>
<msg timestamp="20220127 16:51:32.772" level="INFO">Opening browser 'Chrome' to base url 'https://www.countries-ofthe-world.com/flags-of-the-world.html'.</msg>
<status status="PASS" starttime="20220127 16:51:32.772" endtime="20220127 16:51:39.593"/>
</kw>
<kw name="Maximize Browser Window" library="SeleniumLibrary">
<doc>Maximizes current browser window.</doc>
<status status="PASS" starttime="20220127 16:51:39.593" endtime="20220127 16:51:39.722"/>
</kw>
<status status="PASS" starttime="20220127 16:51:32.768" endtime="20220127 16:51:39.722"/>
</kw>
<kw name="Sleep" library="BuiltIn">
<arg>2</arg>
<doc>Pauses the test executed for the given time.</doc>
<msg timestamp="20220127 16:51:41.735" level="INFO">Slept 2 seconds</msg>
<status status="PASS" starttime="20220127 16:51:39.722" endtime="20220127 16:51:41.735"/>
</kw>
<kw name="Execute Javascript" library="SeleniumLibrary">
<arg>window.scrollTo(0,document.body.scrollHeight)</arg>
<doc>Executes the given JavaScript code with possible arguments.</doc>
<msg timestamp="20220127 16:51:41.735" level="INFO">Executing JavaScript:
window.scrollTo(0,document.body.scrollHeight)
Without any arguments.</msg>
<status status="PASS" starttime="20220127 16:51:41.735" endtime="20220127 16:51:41.755"/>
</kw>
<kw name="Sleep" library="BuiltIn">
<arg>2</arg>
<doc>Pauses the test executed for the given time.</doc>
<msg timestamp="20220127 16:51:43.760" level="INFO">Slept 2 seconds</msg>
<status status="PASS" starttime="20220127 16:51:41.755" endtime="20220127 16:51:43.760"/>
</kw>
<status status="PASS" starttime="20220127 16:51:32.768" endtime="20220127 16:51:43.760"/>
</kw>
<kw name="Close Browser" library="SeleniumLibrary">
<doc>Closes the current browser.</doc>
<status status="PASS" starttime="20220127 16:51:43.760" endtime="20220127 16:51:47.359"/>
</kw>
<status status="PASS" starttime="20220127 16:51:32.768" endtime="20220127 16:51:47.359"/>
</test>
<status status="PASS" starttime="20220127 16:51:32.322" endtime="20220127 16:51:47.365"/>
</suite>
<statistics>
<total>
<stat pass="1" fail="0" skip="0">All Tests</stat>
</total>
<tag>
</tag>
<suite>
<stat pass="1" fail="0" skip="0" id="s1" name="javascripExecutor">javascripExecutor</stat>
</suite>
</statistics>
<errors>
</errors>
</robot>
